#-----------------------------------------------------------
# Webtalk v2017.3 (64-bit)
# SW Build 2018833 on Wed Oct  4 19:58:22 MDT 2017
# 
# Start of session at: Wed May 16 13:26:40 2018
# Process ID: 14968
# Current directory: F:/postureRec/posture_rec_system/posture_rec_system.sdk/webtalk
# Command line: wbtcv.exe -mode batch -source sdk_webtalk.tcl
# Log file: F:/postureRec/posture_rec_system/posture_rec_system.sdk/webtalk/webtalk.log
# Journal file: F:/postureRec/posture_rec_system/posture_rec_system.sdk/webtalk\webtalk.jou
#-----------------------------------------------------------
source sdk_webtalk.tcl
# webtalk_init -webtalk_dir F:\\postureRec\\posture_rec_system\\posture_rec_system.sdk\\webtalk
# webtalk_register_client -client project
# webtalk_add_data -client project -key date_generated -value "2018-05-16 13:26:39" -context "software_version_and_target_device"
# webtalk_add_data -client project -key product_version -value "SDK v2017.3" -context "software_version_and_target_device"
# webtalk_add_data -client project -key build_version -value "2017.3" -context "software_version_and_target_device"
# webtalk_add_data -client project -key os_platform -value "amd64" -context "software_version_and_target_device"
# webtalk_add_data -client project -key registration_id -value "" -context "software_version_and_target_device"
# webtalk_add_data -client project -key tool_flow -value "SDK" -context "software_version_and_target_device"
# webtalk_add_data -client project -key beta -value "false" -context "software_version_and_target_device"
# webtalk_add_data -client project -key route_design -value "NA" -context "software_version_and_target_device"
# webtalk_add_data -client project -key target_family -value "NA" -context "software_version_and_target_device"
# webtalk_add_data -client project -key target_device -value "NA" -context "software_version_and_target_device"
# webtalk_add_data -client project -key target_package -value "NA" -context "software_version_and_target_device"
# webtalk_add_data -client project -key target_speed -value "NA" -context "software_version_and_target_device"
# webtalk_add_data -client project -key random_id -value "v06p1ckddj3f3c0j22df3i6qvh" -context "software_version_and_target_device"
# webtalk_add_data -client project -key project_id -value "2017.3_20" -context "software_version_and_target_device"
# webtalk_add_data -client project -key project_iteration -value "20" -context "software_version_and_target_device"
# webtalk_add_data -client project -key os_name -value "Microsoft Windows 8 or later , 64-bit" -context "user_environment"
# webtalk_add_data -client project -key os_release -value "major release  (build 9200)" -context "user_environment"
# webtalk_add_data -client project -key cpu_name -value "Intel(R) Core(TM) i7-7700 CPU @ 3.60GHz" -context "user_environment"
# webtalk_add_data -client project -key cpu_speed -value "3600 MHz" -context "user_environment"
# webtalk_add_data -client project -key total_processors -value "1" -context "user_environment"
# webtalk_add_data -client project -key system_ram -value "34.227 GB" -context "user_environment"
# webtalk_register_client -client sdk
# webtalk_add_data -client sdk -key uid -value "1526447945712" -context "sdk\\\\hardware/1526447945712"
# webtalk_add_data -client sdk -key isZynq -value "false" -context "sdk\\\\hardware/1526447945712"
# webtalk_add_data -client sdk -key isZynqMP -value "true" -context "sdk\\\\hardware/1526447945712"
# webtalk_add_data -client sdk -key Processors -value "7" -context "sdk\\\\hardware/1526447945712"
# webtalk_add_data -client sdk -key VivadoVersion -value "2017.3" -context "sdk\\\\hardware/1526447945712"
# webtalk_add_data -client sdk -key Arch -value "zynquplus" -context "sdk\\\\hardware/1526447945712"
# webtalk_add_data -client sdk -key Device -value "xczu3eg" -context "sdk\\\\hardware/1526447945712"
# webtalk_add_data -client sdk -key IsHandoff -value "true" -context "sdk\\\\hardware/1526447945712"
# webtalk_add_data -client sdk -key os -value "NA" -context "sdk\\\\hardware/1526447945712"
# webtalk_add_data -client sdk -key apptemplate -value "NA" -context "sdk\\\\hardware/1526447945712"
# webtalk_add_data -client sdk -key RecordType -value "HWCreation" -context "sdk\\\\hardware/1526447945712"
# webtalk_add_data -client sdk -key uid -value "1526447966285" -context "sdk\\\\bsp/1526447966285"
# webtalk_add_data -client sdk -key hwid -value "1526447945712" -context "sdk\\\\bsp/1526447966285"
# webtalk_add_data -client sdk -key os -value "standalone" -context "sdk\\\\bsp/1526447966285"
# webtalk_add_data -client sdk -key apptemplate -value "zynqmp_fsbl" -context "sdk\\\\bsp/1526447966285"
# webtalk_add_data -client sdk -key RecordType -value "BSPCreation" -context "sdk\\\\bsp/1526447966285"
# webtalk_add_data -client sdk -key uid -value "1526447971462" -context "sdk\\\\application/1526447971462"
# webtalk_add_data -client sdk -key hwid -value "1526447945712" -context "sdk\\\\application/1526447971462"
# webtalk_add_data -client sdk -key bspid -value "1526447966285" -context "sdk\\\\application/1526447971462"
# webtalk_add_data -client sdk -key newbsp -value "true" -context "sdk\\\\application/1526447971462"
# webtalk_add_data -client sdk -key os -value "standalone" -context "sdk\\\\application/1526447971462"
# webtalk_add_data -client sdk -key apptemplate -value "zynqmp_fsbl" -context "sdk\\\\application/1526447971462"
# webtalk_add_data -client sdk -key RecordType -value "APPCreation" -context "sdk\\\\application/1526447971462"
# webtalk_add_data -client sdk -key LangUsed -value "C" -context "sdk\\\\application/1526447971462"
# webtalk_add_data -client sdk -key Procused -value "psu_cortexa53" -context "sdk\\\\application/1526447971462"
# webtalk_add_data -client sdk -key uid -value "1526447987118" -context "sdk\\\\bsp/1526447987118"
# webtalk_add_data -client sdk -key hwid -value "1526447945712" -context "sdk\\\\bsp/1526447987118"
# webtalk_add_data -client sdk -key os -value "standalone" -context "sdk\\\\bsp/1526447987118"
# webtalk_add_data -client sdk -key apptemplate -value "zynqmp_pmufw" -context "sdk\\\\bsp/1526447987118"
# webtalk_add_data -client sdk -key RecordType -value "BSPCreation" -context "sdk\\\\bsp/1526447987118"
# webtalk_add_data -client sdk -key uid -value "1526447988923" -context "sdk\\\\application/1526447988923"
# webtalk_add_data -client sdk -key hwid -value "1526447945712" -context "sdk\\\\application/1526447988923"
# webtalk_add_data -client sdk -key bspid -value "1526447987118" -context "sdk\\\\application/1526447988923"
# webtalk_add_data -client sdk -key newbsp -value "true" -context "sdk\\\\application/1526447988923"
# webtalk_add_data -client sdk -key os -value "standalone" -context "sdk\\\\application/1526447988923"
# webtalk_add_data -client sdk -key apptemplate -value "zynqmp_pmufw" -context "sdk\\\\application/1526447988923"
# webtalk_add_data -client sdk -key RecordType -value "APPCreation" -context "sdk\\\\application/1526447988923"
# webtalk_add_data -client sdk -key LangUsed -value "C" -context "sdk\\\\application/1526447988923"
# webtalk_add_data -client sdk -key Procused -value "psu_pmu" -context "sdk\\\\application/1526447988923"
# webtalk_add_data -client sdk -key uid -value "NA" -context "sdk\\\\bsp/1526448399344"
# webtalk_add_data -client sdk -key RecordType -value "ToolUsage" -context "sdk\\\\bsp/1526448399344"
# webtalk_add_data -client sdk -key BootgenCount -value "2" -context "sdk\\\\bsp/1526448399344"
# webtalk_add_data -client sdk -key DebugCount -value "0" -context "sdk\\\\bsp/1526448399344"
# webtalk_add_data -client sdk -key PerfCount -value "0" -context "sdk\\\\bsp/1526448399344"
# webtalk_add_data -client sdk -key FlashCount -value "0" -context "sdk\\\\bsp/1526448399344"
# webtalk_add_data -client sdk -key CrossTriggCount -value "0" -context "sdk\\\\bsp/1526448399344"
# webtalk_add_data -client sdk -key QemuDebugCount -value "0" -context "sdk\\\\bsp/1526448399344"
# webtalk_transmit -clientid 3968852054 -regid "" -xml F:\\postureRec\\posture_rec_system\\posture_rec_system.sdk\\webtalk\\usage_statistics_ext_sdk.xml -html F:\\postureRec\\posture_rec_system\\posture_rec_system.sdk\\webtalk\\usage_statistics_ext_sdk.html -wdm F:\\postureRec\\posture_rec_system\\posture_rec_system.sdk\\webtalk\\sdk_webtalk.wdm -intro "<H3>SDK Usage Report</H3><BR>"
INFO: [Common 17-186] 'F:\postureRec\posture_rec_system\posture_rec_system.sdk\webtalk\usage_statistics_ext_sdk.xml' has been successfully sent to Xilinx on Wed May 16 13:26:43 2018. For additional details about this file, please refer to the WebTalk help file at D:/Xilinx/SDK/2017.3/doc/webtalk_introduction.html.
# webtalk_terminate
INFO: [Common 17-206] Exiting Webtalk at Wed May 16 13:26:43 2018...
